/hpc/home/mk423/.local/lib/python3.7/site-packages/lpne/pipelines/__init__.py:14: UserWarning: Could not load lpne/pipelines/default_params.yaml!
  warnings.warn("Could not load lpne/pipelines/default_params.yaml!")
/opt/conda/lib/python3.7/site-packages/sklearn/utils/validation.py:985: DataConversionWarning: A column-vector y was passed when a 1d array was expected. Please change the shape of y to (n_samples, ), for example using ravel().
  y = column_or_1d(y, warn=True)
Traceback (most recent call last):
  File "/hpc/home/mk423/Anxiety/FullDataWork/Code/Training/MultiTask/singleFeatureLR.py", line 262, in <module>
    "feature":current_feature
NameError: name 'current_feature' is not defined
srun: error: dcc-collinslab-gpu-01: task 0: Exited with exit code 1
